<?xml version="1.0" encoding="UTF-8"?>
<testng-results ignored="0" total="1" passed="1" failed="0" skipped="0">
  <reporter-output>
  </reporter-output>
  <suite started-at="2023-10-11T17:16:32 IST" name="Default suite" finished-at="2023-10-11T17:16:32 IST" duration-ms="72">
    <groups>
    </groups>
    <test started-at="2023-10-11T17:16:32 IST" name="Default test" finished-at="2023-10-11T17:16:32 IST" duration-ms="72">
      <class name="TestNg.Demo">
        <test-method signature="dispaly()[pri:0, instance:TestNg.Demo@6c64cb25]" started-at="2023-10-11T17:16:32 IST" name="dispaly" finished-at="2023-10-11T17:16:32 IST" duration-ms="14" status="PASS">
          <reporter-output>
          </reporter-output>
        </test-method> <!-- dispaly -->
      </class> <!-- TestNg.Demo -->
    </test> <!-- Default test -->
  </suite> <!-- Default suite -->
</testng-results>
